<html>
<body>
<pre>
<h1>Vision Build Log</h1>
<h2>Project:</h2>
H:\Object\STM32\temp\匿名小六轴V1.0 - RTT-1.2.1 - C++\project\ANO_Hexacopter.uvproj
Project File Date:  10/04/2014

<h2>Output:</h2>
Build target 'ANO_Hexacopter'
compiling startup.c...
..\include\rtthread.h(34): error:  #5: cannot open source input file "rtconfig.h": No such file or directory
compiling application.c...
..\include\rtthread.h(34): error:  #5: cannot open source input file "rtconfig.h": No such file or directory
compiling board.c...
..\include\rtthread.h(34): error:  #5: cannot open source input file "rtconfig.h": No such file or directory
compiling stm32f10x_it.c...
..\include\rtthread.h(34): error:  #5: cannot open source input file "rtconfig.h": No such file or directory
compiling misc.c...
compiling stm32f10x_gpio.c...
compiling stm32f10x_rcc.c...
compiling stm32f10x_tim.c...
Project build/rebuild aborted.
Target not created
Build target 'ANO_Hexacopter'
compiling startup.c...
compiling application.c...
compiling board.c...
compiling stm32f10x_it.c...
compiling stm32f10x_usart.c...
compiling stm32f10x_flash.c...
compiling system_stm32f10x.c...
assembling startup_stm32f10x_md.s...
compiling clock.c...
compiling device.c...
compiling idle.c...
compiling ipc.c...
compiling irq.c...
compiling kservice.c...
compiling object.c...
compiling scheduler.c...
compiling thread.c...
compiling timer.c...
..\src\timer.c(151): warning:  #177-D: variable "timer" was declared but never referenced
..\src\timer.c(131): warning:  #177-D: function "rt_timer_count_height" was declared but never referenced
compiling backtrace.c...
compiling div0.c...
compiling showmem.c...
assembling context_rvds.S...
compiling cpuport.c...
..\libcpu\arm\cortex-m3\cpuport.c(296): warning:  #177-D: variable "context" was declared but never referenced
linking...
Program Size: Code=7022 RO-data=558 RW-data=228 ZI-data=2916  
FromELF: creating hex file...
".\build\ANO_Hexacopter.axf" - 0 Error(s), 3 Warning(s).
Build target 'ANO_Hexacopter'
linking...
Program Size: Code=7022 RO-data=558 RW-data=228 ZI-data=2916  
FromELF: creating hex file...
".\build\ANO_Hexacopter.axf" - 0 Error(s), 0 Warning(s).
Build target 'ANO_Hexacopter'
linking...
Program Size: Code=7022 RO-data=558 RW-data=228 ZI-data=2916  
FromELF: creating hex file...
".\build\ANO_Hexacopter.axf" - 0 Error(s), 0 Warning(s).
Build target 'ANO_Hexacopter'
linking...
Program Size: Code=7022 RO-data=558 RW-data=228 ZI-data=2916  
FromELF: creating hex file...
".\build\ANO_Hexacopter.axf" - 0 Error(s), 0 Warning(s).
Load "H:\\Object\\STM32\\temp\\匿名小六轴V1.0 - RTT-1.2.1 - C++\\project\\build\\ANO_Hexacopter.axf" 
Internal DLL Error
Load "H:\\Object\\STM32\\temp\\匿名小六轴V1.0 - RTT-1.2.1 - C++\\project\\build\\ANO_Hexacopter.axf" 
Internal DLL Error
Load "H:\\Object\\STM32\\temp\\匿名小六轴V1.0 - RTT-1.2.1 - C++\\project\\build\\ANO_Hexacopter.axf" 
Set JLink Project File to "H:\Object\STM32\temp\匿名小六轴V1.0 - RTT-1.2.1 - C++\project\JLinkSettings.ini"
* JLink Info: Device "STM32F103C8" selected (64 KB flash, 20 KB RAM).
 
JLink info:
------------
DLL: V4.82b, compiled Mar 21 2014 17:47:16
Firmware: J-Link ARM-OB STM32 compiled Aug 22 2012 19:52:04
Hardware: V7.00
S/N : 20090928 
Feature(s) : RDI,FlashDL,FlashBP,JFlash,GDBFull 
 
* JLink Info: Found SWD-DP with ID 0x1BA01477
* JLink Info: Found SWD-DP with ID 0x1BA01477
* JLink Info: Found Cortex-M3 r1p1, Little endian.
* JLink Info: FPUnit: 6 code (BP) slots and 2 literal slots
* JLink Info: TPIU fitted.
ROMTableAddr = 0xE00FF003
 
Target info:
------------
Device: STM32F103C8
VTarget = 3.300V
State of Pins: 
TCK: 0, TDI: 0, TDO: 1, TMS: 0, TRES: 1, TRST: 1
Hardware-Breakpoints: 6
Software-Breakpoints: 8192
Watchpoints:          4
JTAG speed: 4000 kHz
 
Erase Done.
Programming Done.
Verify OK.
Application running ...
Build target 'ANO_Hexacopter'
compiling application.cpp...
linking...
Program Size: Code=7022 RO-data=558 RW-data=228 ZI-data=2916  
FromELF: creating hex file...
".\build\ANO_Hexacopter.axf" - 0 Error(s), 0 Warning(s).
Build target 'ANO_Hexacopter'
compiling startup.c...
compiling application.cpp...
compiling board.c...
compiling stm32f10x_it.c...
linking...
Program Size: Code=7022 RO-data=558 RW-data=228 ZI-data=2916  
FromELF: creating hex file...
".\build\ANO_Hexacopter.axf" - 0 Error(s), 0 Warning(s).
Rebuild target 'ANO_Hexacopter'
compiling startup.c...
compiling application.cpp...
compiling board.c...
compiling stm32f10x_it.c...
compiling misc.c...
compiling stm32f10x_gpio.c...
compiling stm32f10x_rcc.c...
compiling stm32f10x_tim.c...
compiling stm32f10x_usart.c...
compiling stm32f10x_flash.c...
compiling system_stm32f10x.c...
assembling startup_stm32f10x_md.s...
compiling clock.c...
compiling device.c...
compiling idle.c...
compiling ipc.c...
compiling irq.c...
compiling kservice.c...
compiling object.c...
compiling scheduler.c...
compiling thread.c...
compiling timer.c...
..\src\timer.c(151): warning:  #177-D: variable "timer" was declared but never referenced
..\src\timer.c(131): warning:  #177-D: function "rt_timer_count_height" was declared but never referenced
compiling backtrace.c...
compiling div0.c...
compiling showmem.c...
assembling context_rvds.S...
compiling cpuport.c...
..\libcpu\arm\cortex-m3\cpuport.c(296): warning:  #177-D: variable "context" was declared but never referenced
linking...
Program Size: Code=7022 RO-data=558 RW-data=228 ZI-data=2916  
FromELF: creating hex file...
".\build\ANO_Hexacopter.axf" - 0 Error(s), 3 Warning(s).
Build target 'ANO_Hexacopter'
compiling startup.c...
compiling application.cpp...
compiling board.c...
compiling stm32f10x_it.c...
compiling ANO_Drv_I2C_soft.cpp...
drivers\ANO_Drv_I2C_soft.cpp(172): error:  #20: identifier "test" is undefined
compiling misc.c...
compiling stm32f10x_gpio.c...
compiling stm32f10x_rcc.c...
compiling stm32f10x_tim.c...
compiling stm32f10x_usart.c...
compiling stm32f10x_flash.c...
compiling system_stm32f10x.c...
Target not created
Build target 'ANO_Hexacopter'
compiling ANO_Drv_I2C_soft.cpp...
linking...
Program Size: Code=7022 RO-data=558 RW-data=228 ZI-data=2916  
FromELF: creating hex file...
".\build\ANO_Hexacopter.axf" - 0 Error(s), 0 Warning(s).
Build target 'ANO_Hexacopter'
compiling startup.c...
.\Libraries\CMSIS\CM3\DeviceSupport\ST\STM32F10x\stm32f10x.h(8302): error:  #65: expected a ";"
.\Libraries\CMSIS\CM3\DeviceSupport\ST\STM32F10x\stm32f10x.h(8302): warning:  #64-D: declaration does not declare anything
compiling application.cpp...
.\Libraries\CMSIS\CM3\DeviceSupport\ST\STM32F10x\stm32f10x.h(8302): error:  #65: expected a ";"
.\Libraries\CMSIS\CM3\DeviceSupport\ST\STM32F10x\stm32f10x.h(8302): warning:  #64-D: declaration does not declare anything
compiling board.c...
.\Libraries\CMSIS\CM3\DeviceSupport\ST\STM32F10x\stm32f10x.h(8302): error:  #65: expected a ";"
.\Libraries\CMSIS\CM3\DeviceSupport\ST\STM32F10x\stm32f10x.h(8302): warning:  #64-D: declaration does not declare anything
compiling stm32f10x_it.c...
.\Libraries\CMSIS\CM3\DeviceSupport\ST\STM32F10x\stm32f10x.h(8302): error:  #65: expected a ";"
.\Libraries\CMSIS\CM3\DeviceSupport\ST\STM32F10x\stm32f10x.h(8302): warning:  #64-D: declaration does not declare anything
compiling ANO_Drv_I2C_soft2.cpp...
.\Libraries\CMSIS\CM3\DeviceSupport\ST\STM32F10x\stm32f10x.h(8302): error:  #65: expected a ";"
.\Libraries\CMSIS\CM3\DeviceSupport\ST\STM32F10x\stm32f10x.h(8302): warning:  #64-D: declaration does not declare anything
compiling misc.c...
.\Libraries\CMSIS\CM3\DeviceSupport\ST\STM32F10x\stm32f10x.h(8302): error:  #65: expected a ";"
.\Libraries\CMSIS\CM3\DeviceSupport\ST\STM32F10x\stm32f10x.h(8302): warning:  #64-D: declaration does not declare anything
compiling stm32f10x_gpio.c...
.\Libraries\CMSIS\CM3\DeviceSupport\ST\STM32F10x\stm32f10x.h(8302): error:  #65: expected a ";"
.\Libraries\CMSIS\CM3\DeviceSupport\ST\STM32F10x\stm32f10x.h(8302): warning:  #64-D: declaration does not declare anything
compiling stm32f10x_rcc.c...
.\Libraries\CMSIS\CM3\DeviceSupport\ST\STM32F10x\stm32f10x.h(8302): error:  #65: expected a ";"
.\Libraries\CMSIS\CM3\DeviceSupport\ST\STM32F10x\stm32f10x.h(8302): warning:  #64-D: declaration does not declare anything
compiling stm32f10x_tim.c...
.\Libraries\CMSIS\CM3\DeviceSupport\ST\STM32F10x\stm32f10x.h(8302): error:  #65: expected a ";"
.\Libraries\CMSIS\CM3\DeviceSupport\ST\STM32F10x\stm32f10x.h(8302): warning:  #64-D: declaration does not declare anything
compiling stm32f10x_usart.c...
.\Libraries\CMSIS\CM3\DeviceSupport\ST\STM32F10x\stm32f10x.h(8302): error:  #65: expected a ";"
.\Libraries\CMSIS\CM3\DeviceSupport\ST\STM32F10x\stm32f10x.h(8302): warning:  #64-D: declaration does not declare anything
compiling stm32f10x_flash.c...
.\Libraries\CMSIS\CM3\DeviceSupport\ST\STM32F10x\stm32f10x.h(8302): error:  #65: expected a ";"
.\Libraries\CMSIS\CM3\DeviceSupport\ST\STM32F10x\stm32f10x.h(8302): warning:  #64-D: declaration does not declare anything
compiling system_stm32f10x.c...
Libraries\CMSIS\CM3\DeviceSupport\ST\STM32F10x\stm32f10x.h(8302): error:  #65: expected a ";"
Libraries\CMSIS\CM3\DeviceSupport\ST\STM32F10x\stm32f10x.h(8302): warning:  #64-D: declaration does not declare anything
compiling clock.c...
compiling device.c...
compiling idle.c...
compiling ipc.c...
..\src\ipc.c(1271): error:  #513: a value of type "void *" cannot be assigned to an entity of type "rt_uint32_t *"
..\src\ipc.c(1777): error:  #513: a value of type "void *" cannot be assigned to an entity of type "rt_mq_message *"
..\src\ipc.c(2053): error:  #513: a value of type "void *" cannot be assigned to an entity of type "rt_mq_message *"
compiling irq.c...
compiling kservice.c...
..\src\kservice.c(329): error:  #513: a value of type "const void *" cannot be assigned to an entity of type "const unsigned char *"
..\src\kservice.c(329): error:  #513: a value of type "const void *" cannot be assigned to an entity of type "const unsigned char *"
compiling object.c...
compiling scheduler.c...
compiling thread.c...
..\src\thread.c(106): error:  #167: argument of type "void *" is incompatible with parameter of type "rt_uint8_t *"
compiling timer.c...
..\src\timer.c(151): warning:  #177-D: variable "timer" was declared but never referenced
..\src\timer.c(131): warning:  #177-D: function "rt_timer_count_height" was declared but never referenced
compiling backtrace.c...
compiling div0.c...
compiling showmem.c...
compiling cpuport.c...
..\libcpu\arm\cortex-m3\cpuport.c(296): warning:  #177-D: variable "context" was declared but never referenced
Target not created
Build target 'ANO_Hexacopter'
compiling startup.c...
compiling application.cpp...
compiling board.c...
compiling stm32f10x_it.c...
compiling ANO_Drv_I2C_soft2.cpp...
compiling misc.c...
compiling stm32f10x_gpio.c...
compiling stm32f10x_rcc.c...
compiling stm32f10x_tim.c...
compiling stm32f10x_usart.c...
compiling stm32f10x_flash.c...
compiling system_stm32f10x.c...
compiling ipc.c...
..\src\ipc.c(1271): error:  #513: a value of type "void *" cannot be assigned to an entity of type "rt_uint32_t *"
..\src\ipc.c(1777): error:  #513: a value of type "void *" cannot be assigned to an entity of type "rt_mq_message *"
..\src\ipc.c(2053): error:  #513: a value of type "void *" cannot be assigned to an entity of type "rt_mq_message *"
compiling kservice.c...
..\src\kservice.c(329): error:  #513: a value of type "const void *" cannot be assigned to an entity of type "const unsigned char *"
..\src\kservice.c(329): error:  #513: a value of type "const void *" cannot be assigned to an entity of type "const unsigned char *"
compiling thread.c...
..\src\thread.c(106): error:  #167: argument of type "void *" is incompatible with parameter of type "rt_uint8_t *"
Target not created
Build target 'ANO_Hexacopter'
compiling startup.c...
.\drivers\ANO_Drv_I2C_soft2.h(15): error:  #20: identifier "class" is undefined
.\drivers\ANO_Drv_I2C_soft2.h(16): error:  #65: expected a ";"
.\drivers\ANO_Drv_I2C_soft2.h(20): warning:  #12-D: parsing restarts here after previous syntax error
compiling application.cpp...
.\drivers\ANO_Drv_I2C_soft2.h(15): error:  #20: identifier "class" is undefined
.\drivers\ANO_Drv_I2C_soft2.h(16): error:  #65: expected a ";"
.\drivers\ANO_Drv_I2C_soft2.h(20): warning:  #12-D: parsing restarts here after previous syntax error
compiling board.c...
drivers\ANO_Drv_I2C_soft2.h(15): error:  #20: identifier "class" is undefined
drivers\ANO_Drv_I2C_soft2.h(16): error:  #65: expected a ";"
drivers\ANO_Drv_I2C_soft2.h(20): warning:  #12-D: parsing restarts here after previous syntax error
compiling stm32f10x_it.c...
.\drivers\ANO_Drv_I2C_soft2.h(15): error:  #20: identifier "class" is undefined
.\drivers\ANO_Drv_I2C_soft2.h(16): error:  #65: expected a ";"
.\drivers\ANO_Drv_I2C_soft2.h(20): warning:  #12-D: parsing restarts here after previous syntax error
compiling ANO_Drv_I2C_soft2.cpp...
drivers\ANO_Drv_I2C_soft2.h(15): error:  #20: identifier "class" is undefined
drivers\ANO_Drv_I2C_soft2.h(16): error:  #65: expected a ";"
drivers\ANO_Drv_I2C_soft2.h(20): warning:  #12-D: parsing restarts here after previous syntax error
drivers\ANO_Drv_I2C_soft2.cpp(5): error:  #77-D: this declaration has no storage class or type specifier
drivers\ANO_Drv_I2C_soft2.cpp(5): error:  #65: expected a ";"
drivers\ANO_Drv_I2C_soft2.cpp(21): warning: At end of source:  #12-D: parsing restarts here after previous syntax error
compiling misc.c...
compiling stm32f10x_gpio.c...
compiling stm32f10x_rcc.c...
compiling stm32f10x_tim.c...
compiling stm32f10x_usart.c...
compiling stm32f10x_flash.c...
compiling system_stm32f10x.c...
compiling clock.c...
compiling device.c...
compiling idle.c...
compiling ipc.c...
compiling irq.c...
compiling kservice.c...
compiling object.c...
compiling scheduler.c...
compiling thread.c...
compiling timer.c...
..\src\timer.c(151): warning:  #177-D: variable "timer" was declared but never referenced
..\src\timer.c(131): warning:  #177-D: function "rt_timer_count_height" was declared but never referenced
compiling backtrace.c...
compiling div0.c...
compiling showmem.c...
compiling cpuport.c...
..\libcpu\arm\cortex-m3\cpuport.c(296): warning:  #177-D: variable "context" was declared but never referenced
Target not created
Build target 'ANO_Hexacopter'
compiling startup.c...
startup.c: Warning: C3910W: Old syntax, please use '--cpp'.
compiling application.cpp...
application.cpp: Warning: C3910W: Old syntax, please use '--cpp'.
compiling board.c...
board.c: Warning: C3910W: Old syntax, please use '--cpp'.
compiling stm32f10x_it.c...
stm32f10x_it.c: Warning: C3910W: Old syntax, please use '--cpp'.
Project build/rebuild aborted.
Target not created
Load "H:\\Object\\STM32\\temp\\匿名小六轴V1.0 - RTT-1.2.1 - C++\\project\\build\\ANO_Hexacopter.axf" 
_____^
*** error 56: cannot open file
Build target 'ANO_Hexacopter'
compiling startup.c...
compiling application.cpp...
compiling board.c...
compiling stm32f10x_it.c...
compiling ANO_Drv_I2C_soft2.cpp...
compiling misc.c...
compiling stm32f10x_gpio.c...
compiling stm32f10x_rcc.c...
compiling stm32f10x_tim.c...
compiling stm32f10x_usart.c...
compiling stm32f10x_flash.c...
compiling system_stm32f10x.c...
compiling clock.c...
compiling device.c...
compiling idle.c...
compiling ipc.c...
..\src\ipc.c(1271): error:  #513: a value of type "void *" cannot be assigned to an entity of type "rt_uint32_t *"
..\src\ipc.c(1777): error:  #513: a value of type "void *" cannot be assigned to an entity of type "rt_mq_message *"
..\src\ipc.c(2053): error:  #513: a value of type "void *" cannot be assigned to an entity of type "rt_mq_message *"
compiling irq.c...
compiling kservice.c...
..\src\kservice.c(329): error:  #513: a value of type "const void *" cannot be assigned to an entity of type "const unsigned char *"
..\src\kservice.c(329): error:  #513: a value of type "const void *" cannot be assigned to an entity of type "const unsigned char *"
compiling object.c...
compiling scheduler.c...
compiling thread.c...
..\src\thread.c(106): error:  #167: argument of type "void *" is incompatible with parameter of type "rt_uint8_t *"
compiling timer.c...
..\src\timer.c(151): warning:  #177-D: variable "timer" was declared but never referenced
..\src\timer.c(131): warning:  #177-D: function "rt_timer_count_height" was declared but never referenced
compiling backtrace.c...
compiling div0.c...
compiling showmem.c...
compiling cpuport.c...
..\libcpu\arm\cortex-m3\cpuport.c(296): warning:  #177-D: variable "context" was declared but never referenced
Target not created
Build target 'ANO_Hexacopter'
compiling ipc.c...
..\src\ipc.c(2053): error:  #513: a value of type "void *" cannot be assigned to an entity of type "rt_mq_message *"
compiling kservice.c...
..\src\kservice.c(329): error:  #513: a value of type "const void *" cannot be assigned to an entity of type "const unsigned char *"
..\src\kservice.c(329): error:  #513: a value of type "const void *" cannot be assigned to an entity of type "const unsigned char *"
compiling thread.c...
..\src\thread.c(106): error:  #167: argument of type "void *" is incompatible with parameter of type "rt_uint8_t *"
Target not created
Build target 'ANO_Hexacopter'
compiling ipc.c...
..\src\ipc.c(2053): error:  #513: a value of type "void *" cannot be assigned to an entity of type "rt_mq_message *"
compiling kservice.c...
..\src\kservice.c(329): error:  #513: a value of type "const void *" cannot be assigned to an entity of type "const unsigned char *"
compiling thread.c...
..\src\thread.c(106): error:  #167: argument of type "void *" is incompatible with parameter of type "rt_uint8_t *"
Target not created
Build target 'ANO_Hexacopter'
compiling ipc.c...
compiling kservice.c...
compiling thread.c...
..\src\thread.c(106): error:  #167: argument of type "void *" is incompatible with parameter of type "rt_uint8_t *"
Target not created
Build target 'ANO_Hexacopter'
compiling thread.c...
linking...
.\build\ANO_Hexacopter.axf: Error: L6218E: Undefined symbol rt_thread_init (referred from application.o).
.\build\ANO_Hexacopter.axf: Error: L6218E: Undefined symbol rt_hw_stack_init (referred from thread.o).
.\build\ANO_Hexacopter.axf: Error: L6218E: Undefined symbol rt_timer_init (referred from thread.o).
.\build\ANO_Hexacopter.axf: Error: L6218E: Undefined symbol rt_hw_hard_fault_exception (referred from context_rvds.o).
Target not created
Rebuild target 'ANO_Hexacopter'
compiling startup.c...
compiling application.cpp...
compiling board.c...
compiling stm32f10x_it.c...
compiling ANO_Drv_I2C_soft2.cpp...
compiling misc.c...
compiling stm32f10x_gpio.c...
compiling stm32f10x_rcc.c...
compiling stm32f10x_tim.c...
compiling stm32f10x_usart.c...
compiling stm32f10x_flash.c...
compiling system_stm32f10x.c...
assembling startup_stm32f10x_md.s...
compiling clock.c...
compiling device.c...
compiling idle.c...
compiling ipc.c...
compiling irq.c...
compiling kservice.c...
compiling object.c...
compiling scheduler.c...
compiling thread.c...
compiling timer.c...
..\src\timer.c(151): warning:  #177-D: variable "timer" was declared but never referenced
..\src\timer.c(131): warning:  #177-D: function "rt_timer_count_height" was declared but never referenced
compiling backtrace.c...
compiling div0.c...
compiling showmem.c...
assembling context_rvds.S...
compiling cpuport.c...
..\libcpu\arm\cortex-m3\cpuport.c(296): warning:  #177-D: variable "context" was declared but never referenced
linking...
.\build\ANO_Hexacopter.axf: Error: L6218E: Undefined symbol rt_thread_init (referred from application.o).
.\build\ANO_Hexacopter.axf: Error: L6218E: Undefined symbol rt_hw_stack_init (referred from thread.o).
.\build\ANO_Hexacopter.axf: Error: L6218E: Undefined symbol rt_timer_init (referred from thread.o).
.\build\ANO_Hexacopter.axf: Error: L6218E: Undefined symbol rt_hw_hard_fault_exception (referred from context_rvds.o).
Target not created
Build target 'ANO_Hexacopter'
compiling startup.c...
.\drivers\ANO_Drv_I2C_soft2.h(19): error:  #20: identifier "class" is undefined
.\drivers\ANO_Drv_I2C_soft2.h(20): error:  #65: expected a ";"
.\drivers\ANO_Drv_I2C_soft2.h(24): warning:  #12-D: parsing restarts here after previous syntax error
compiling application.cpp...
.\drivers\ANO_Drv_I2C_soft2.h(19): error:  #20: identifier "class" is undefined
.\drivers\ANO_Drv_I2C_soft2.h(20): error:  #65: expected a ";"
.\drivers\ANO_Drv_I2C_soft2.h(24): warning:  #12-D: parsing restarts here after previous syntax error
compiling board.c...
drivers\ANO_Drv_I2C_soft2.h(19): error:  #20: identifier "class" is undefined
drivers\ANO_Drv_I2C_soft2.h(20): error:  #65: expected a ";"
drivers\ANO_Drv_I2C_soft2.h(24): warning:  #12-D: parsing restarts here after previous syntax error
compiling stm32f10x_it.c...
.\drivers\ANO_Drv_I2C_soft2.h(19): error:  #20: identifier "class" is undefined
.\drivers\ANO_Drv_I2C_soft2.h(20): error:  #65: expected a ";"
.\drivers\ANO_Drv_I2C_soft2.h(24): warning:  #12-D: parsing restarts here after previous syntax error
compiling ANO_Drv_I2C_soft2.cpp...
drivers\ANO_Drv_I2C_soft2.h(19): error:  #20: identifier "class" is undefined
drivers\ANO_Drv_I2C_soft2.h(20): error:  #65: expected a ";"
drivers\ANO_Drv_I2C_soft2.h(24): warning:  #12-D: parsing restarts here after previous syntax error
drivers\ANO_Drv_I2C_soft2.cpp(5): error:  #77-D: this declaration has no storage class or type specifier
drivers\ANO_Drv_I2C_soft2.cpp(5): error:  #65: expected a ";"
drivers\ANO_Drv_I2C_soft2.cpp(21): warning: At end of source:  #12-D: parsing restarts here after previous syntax error
compiling misc.c...
compiling stm32f10x_gpio.c...
compiling stm32f10x_rcc.c...
compiling stm32f10x_tim.c...
compiling stm32f10x_usart.c...
compiling stm32f10x_flash.c...
compiling system_stm32f10x.c...
compiling clock.c...
compiling device.c...
compiling idle.c...
compiling ipc.c...
..\src\ipc.c(1777): error:  #20: identifier "rt_mq_message" is undefined
..\src\ipc.c(1777): error:  #29: expected an expression
..\src\ipc.c(1777): error:  #65: expected a ";"
..\src\ipc.c(2053): error:  #20: identifier "rt_mq_message" is undefined
..\src\ipc.c(2053): error:  #29: expected an expression
..\src\ipc.c(2053): error:  #65: expected a ";"
compiling irq.c...
compiling kservice.c...
compiling object.c...
compiling scheduler.c...
compiling thread.c...
compiling timer.c...
..\src\timer.c(151): warning:  #177-D: variable "timer" was declared but never referenced
..\src\timer.c(131): warning:  #177-D: function "rt_timer_count_height" was declared but never referenced
compiling backtrace.c...
compiling div0.c...
compiling showmem.c...
compiling cpuport.c...
..\libcpu\arm\cortex-m3\cpuport.c(296): warning:  #177-D: variable "context" was declared but never referenced
Target not created
Build target 'ANO_Hexacopter'
compiling startup.c...
.\drivers\ANO_Drv_I2C_soft2.h(19): error:  #20: identifier "class" is undefined
.\drivers\ANO_Drv_I2C_soft2.h(20): error:  #65: expected a ";"
.\drivers\ANO_Drv_I2C_soft2.h(24): warning:  #12-D: parsing restarts here after previous syntax error
compiling application.cpp...
.\drivers\ANO_Drv_I2C_soft2.h(19): error:  #20: identifier "class" is undefined
.\drivers\ANO_Drv_I2C_soft2.h(20): error:  #65: expected a ";"
.\drivers\ANO_Drv_I2C_soft2.h(24): warning:  #12-D: parsing restarts here after previous syntax error
compiling board.c...
drivers\ANO_Drv_I2C_soft2.h(19): error:  #20: identifier "class" is undefined
drivers\ANO_Drv_I2C_soft2.h(20): error:  #65: expected a ";"
drivers\ANO_Drv_I2C_soft2.h(24): warning:  #12-D: parsing restarts here after previous syntax error
compiling stm32f10x_it.c...
.\drivers\ANO_Drv_I2C_soft2.h(19): error:  #20: identifier "class" is undefined
.\drivers\ANO_Drv_I2C_soft2.h(20): error:  #65: expected a ";"
.\drivers\ANO_Drv_I2C_soft2.h(24): warning:  #12-D: parsing restarts here after previous syntax error
compiling ANO_Drv_I2C_soft2.cpp...
drivers\ANO_Drv_I2C_soft2.h(19): error:  #20: identifier "class" is undefined
drivers\ANO_Drv_I2C_soft2.h(20): error:  #65: expected a ";"
drivers\ANO_Drv_I2C_soft2.h(24): warning:  #12-D: parsing restarts here after previous syntax error
drivers\ANO_Drv_I2C_soft2.cpp(5): error:  #77-D: this declaration has no storage class or type specifier
drivers\ANO_Drv_I2C_soft2.cpp(5): error:  #65: expected a ";"
drivers\ANO_Drv_I2C_soft2.cpp(21): warning: At end of source:  #12-D: parsing restarts here after previous syntax error
compiling ipc.c...
..\src\ipc.c(1777): error:  #20: identifier "rt_mq_message" is undefined
..\src\ipc.c(1777): error:  #29: expected an expression
..\src\ipc.c(1777): error:  #65: expected a ";"
..\src\ipc.c(2053): error:  #20: identifier "rt_mq_message" is undefined
..\src\ipc.c(2053): error:  #29: expected an expression
..\src\ipc.c(2053): error:  #65: expected a ";"
Target not created
Build target 'ANO_Hexacopter'
compiling startup.c...
.\drivers\ANO_Drv_I2C_soft2.h(19): error:  #20: identifier "class" is undefined
.\drivers\ANO_Drv_I2C_soft2.h(20): error:  #65: expected a ";"
.\drivers\ANO_Drv_I2C_soft2.h(24): warning:  #12-D: parsing restarts here after previous syntax error
compiling application.cpp...
.\drivers\ANO_Drv_I2C_soft2.h(19): error:  #20: identifier "class" is undefined
.\drivers\ANO_Drv_I2C_soft2.h(20): error:  #65: expected a ";"
.\drivers\ANO_Drv_I2C_soft2.h(24): warning:  #12-D: parsing restarts here after previous syntax error
compiling board.c...
drivers\ANO_Drv_I2C_soft2.h(19): error:  #20: identifier "class" is undefined
drivers\ANO_Drv_I2C_soft2.h(20): error:  #65: expected a ";"
drivers\ANO_Drv_I2C_soft2.h(24): warning:  #12-D: parsing restarts here after previous syntax error
compiling stm32f10x_it.c...
.\drivers\ANO_Drv_I2C_soft2.h(19): error:  #20: identifier "class" is undefined
.\drivers\ANO_Drv_I2C_soft2.h(20): error:  #65: expected a ";"
.\drivers\ANO_Drv_I2C_soft2.h(24): warning:  #12-D: parsing restarts here after previous syntax error
compiling ANO_Drv_I2C_soft2.cpp...
drivers\ANO_Drv_I2C_soft2.h(19): error:  #20: identifier "class" is undefined
drivers\ANO_Drv_I2C_soft2.h(20): error:  #65: expected a ";"
drivers\ANO_Drv_I2C_soft2.h(24): warning:  #12-D: parsing restarts here after previous syntax error
drivers\ANO_Drv_I2C_soft2.cpp(5): error:  #77-D: this declaration has no storage class or type specifier
drivers\ANO_Drv_I2C_soft2.cpp(5): error:  #65: expected a ";"
drivers\ANO_Drv_I2C_soft2.cpp(21): warning: At end of source:  #12-D: parsing restarts here after previous syntax error
compiling ipc.c...
Target not created
Build target 'ANO_Hexacopter'
compiling startup.c...
compiling application.cpp...
compiling board.c...
compiling stm32f10x_it.c...
compiling ANO_Drv_I2C_soft2.cpp...
compiling misc.c...
compiling stm32f10x_gpio.c...
compiling stm32f10x_rcc.c...
compiling stm32f10x_tim.c...
compiling stm32f10x_usart.c...
compiling stm32f10x_flash.c...
compiling system_stm32f10x.c...
compiling clock.c...
compiling device.c...
compiling idle.c...
compiling ipc.c...
..\src\ipc.c(1777): error:  #513: a value of type "void *" cannot be assigned to an entity of type "rt_mq_message *"
..\src\ipc.c(2053): error:  #513: a value of type "void *" cannot be assigned to an entity of type "rt_mq_message *"
compiling irq.c...
compiling kservice.c...
compiling object.c...
compiling scheduler.c...
compiling thread.c...
compiling timer.c...
..\src\timer.c(151): warning:  #177-D: variable "timer" was declared but never referenced
..\src\timer.c(131): warning:  #177-D: function "rt_timer_count_height" was declared but never referenced
compiling backtrace.c...
compiling div0.c...
compiling showmem.c...
compiling cpuport.c...
..\libcpu\arm\cortex-m3\cpuport.c(296): warning:  #177-D: variable "context" was declared but never referenced
Target not created
Build target 'ANO_Hexacopter'
compiling ipc.c...
..\src\ipc.c(2053): error:  #513: a value of type "void *" cannot be assigned to an entity of type "rt_mq_message *"
Target not created
Build target 'ANO_Hexacopter'
compiling ipc.c...
linking...
.\build\ANO_Hexacopter.axf: Error: L6218E: Undefined symbol rt_thread_init (referred from application.o).
.\build\ANO_Hexacopter.axf: Error: L6218E: Undefined symbol rt_hw_stack_init (referred from thread.o).
.\build\ANO_Hexacopter.axf: Error: L6218E: Undefined symbol rt_timer_init (referred from thread.o).
.\build\ANO_Hexacopter.axf: Error: L6218E: Undefined symbol rt_hw_hard_fault_exception (referred from context_rvds.o).
Target not created
Build target 'ANO_Hexacopter'
compiling startup.c...
compiling application.cpp...
compiling board.c...
compiling stm32f10x_it.c...
compiling clock.c...
compiling device.c...
compiling idle.c...
compiling ipc.c...
compiling irq.c...
compiling kservice.c...
compiling object.c...
compiling scheduler.c...
compiling thread.c...
compiling timer.c...
..\src\timer.c(151): warning:  #177-D: variable "timer" was declared but never referenced
..\src\timer.c(131): warning:  #177-D: function "rt_timer_count_height" was declared but never referenced
compiling backtrace.c...
compiling showmem.c...
compiling cpuport.c...
..\libcpu\arm\cortex-m3\cpuport.c(296): warning:  #177-D: variable "context" was declared but never referenced
linking...
.\build\ANO_Hexacopter.axf: Error: L6218E: Undefined symbol rt_hw_stack_init (referred from thread.o).
.\build\ANO_Hexacopter.axf: Error: L6218E: Undefined symbol rt_hw_hard_fault_exception (referred from context_rvds.o).
Target not created
Build target 'ANO_Hexacopter'
compiling startup.c...
compiling board.c...
compiling clock.c...
compiling idle.c...
compiling ipc.c...
compiling irq.c...
compiling kservice.c...
compiling object.c...
compiling scheduler.c...
compiling thread.c...
compiling timer.c...
..\src\timer.c(151): warning:  #177-D: variable "timer" was declared but never referenced
..\src\timer.c(131): warning:  #177-D: function "rt_timer_count_height" was declared but never referenced
linking...
.\build\ANO_Hexacopter.axf: Error: L6218E: Undefined symbol rt_hw_interrupt_disable() (referred from startup.o).
.\build\ANO_Hexacopter.axf: Error: L6218E: Undefined symbol rt_hw_interrupt_enable(long) (referred from clock.o).
.\build\ANO_Hexacopter.axf: Error: L6218E: Undefined symbol rt_hw_context_switch(unsigned long, unsigned long) (referred from scheduler.o).
.\build\ANO_Hexacopter.axf: Error: L6218E: Undefined symbol rt_hw_context_switch_to(unsigned long) (referred from scheduler.o).
.\build\ANO_Hexacopter.axf: Error: L6218E: Undefined symbol rt_hw_context_switch_interrupt(unsigned long, unsigned long) (referred from scheduler.o).
.\build\ANO_Hexacopter.axf: Error: L6218E: Undefined symbol rt_hw_hard_fault_exception (referred from context_rvds.o).
Target not created
Build target 'ANO_Hexacopter'
compiling startup.c...
compiling application.cpp...
compiling board.c...
compiling stm32f10x_it.c...
compiling clock.c...
compiling device.c...
compiling idle.c...
compiling ipc.c...
compiling irq.c...
compiling kservice.c...
compiling object.c...
compiling scheduler.c...
compiling thread.c...
compiling timer.c...
..\src\timer.c(151): warning:  #177-D: variable "timer" was declared but never referenced
..\src\timer.c(131): warning:  #177-D: function "rt_timer_count_height" was declared but never referenced
compiling backtrace.c...
compiling showmem.c...
compiling cpuport.c...
..\libcpu\arm\cortex-m3\cpuport.c(296): warning:  #177-D: variable "context" was declared but never referenced
linking...
.\build\ANO_Hexacopter.axf: Error: L6218E: Undefined symbol rt_hw_interrupt_disable() (referred from startup.o).
.\build\ANO_Hexacopter.axf: Error: L6218E: Undefined symbol rt_hw_interrupt_enable(long) (referred from clock.o).
.\build\ANO_Hexacopter.axf: Error: L6218E: Undefined symbol rt_hw_context_switch(unsigned long, unsigned long) (referred from scheduler.o).
.\build\ANO_Hexacopter.axf: Error: L6218E: Undefined symbol rt_hw_context_switch_to(unsigned long) (referred from scheduler.o).
.\build\ANO_Hexacopter.axf: Error: L6218E: Undefined symbol rt_hw_context_switch_interrupt(unsigned long, unsigned long) (referred from scheduler.o).
.\build\ANO_Hexacopter.axf: Error: L6218E: Undefined symbol rt_hw_hard_fault_exception (referred from context_rvds.o).
Target not created
Build target 'ANO_Hexacopter'
compiling startup.c...
compiling application.cpp...
compiling board.c...
compiling stm32f10x_it.c...
compiling clock.c...
compiling device.c...
compiling idle.c...
compiling ipc.c...
compiling irq.c...
compiling kservice.c...
compiling object.c...
compiling scheduler.c...
compiling thread.c...
compiling timer.c...
..\src\timer.c(151): warning:  #177-D: variable "timer" was declared but never referenced
..\src\timer.c(131): warning:  #177-D: function "rt_timer_count_height" was declared but never referenced
compiling backtrace.c...
compiling showmem.c...
compiling cpuport.c...
..\libcpu\arm\cortex-m3\cpuport.c(296): warning:  #177-D: variable "context" was declared but never referenced
linking...
.\build\ANO_Hexacopter.axf: Error: L6218E: Undefined symbol rt_hw_interrupt_disable() (referred from startup.o).
.\build\ANO_Hexacopter.axf: Error: L6218E: Undefined symbol rt_hw_interrupt_enable(long) (referred from clock.o).
.\build\ANO_Hexacopter.axf: Error: L6218E: Undefined symbol rt_hw_context_switch(unsigned long, unsigned long) (referred from scheduler.o).
.\build\ANO_Hexacopter.axf: Error: L6218E: Undefined symbol rt_hw_context_switch_to(unsigned long) (referred from scheduler.o).
.\build\ANO_Hexacopter.axf: Error: L6218E: Undefined symbol rt_hw_context_switch_interrupt(unsigned long, unsigned long) (referred from scheduler.o).
.\build\ANO_Hexacopter.axf: Error: L6218E: Undefined symbol rt_hw_hard_fault_exception (referred from context_rvds.o).
Target not created
Build target 'ANO_Hexacopter'
compiling startup.c...
compiling application.cpp...
compiling board.c...
compiling stm32f10x_it.c...
compiling clock.c...
compiling device.c...
compiling idle.c...
compiling ipc.c...
compiling irq.c...
compiling kservice.c...
compiling object.c...
compiling scheduler.c...
compiling thread.c...
compiling timer.c...
..\src\timer.c(151): warning:  #177-D: variable "timer" was declared but never referenced
..\src\timer.c(131): warning:  #177-D: function "rt_timer_count_height" was declared but never referenced
compiling backtrace.c...
compiling showmem.c...
compiling cpuport.c...
..\libcpu\arm\cortex-m3\cpuport.c(296): warning:  #177-D: variable "context" was declared but never referenced
linking...
.\build\ANO_Hexacopter.axf: Error: L6218E: Undefined symbol rt_hw_interrupt_disable() (referred from startup.o).
.\build\ANO_Hexacopter.axf: Error: L6218E: Undefined symbol rt_hw_interrupt_enable(long) (referred from clock.o).
.\build\ANO_Hexacopter.axf: Error: L6218E: Undefined symbol rt_hw_context_switch(unsigned long, unsigned long) (referred from scheduler.o).
.\build\ANO_Hexacopter.axf: Error: L6218E: Undefined symbol rt_hw_context_switch_to(unsigned long) (referred from scheduler.o).
.\build\ANO_Hexacopter.axf: Error: L6218E: Undefined symbol rt_hw_context_switch_interrupt(unsigned long, unsigned long) (referred from scheduler.o).
.\build\ANO_Hexacopter.axf: Error: L6218E: Undefined symbol rt_hw_hard_fault_exception (referred from context_rvds.o).
Target not created
Build target 'ANO_Hexacopter'
compiling startup.c...
startup.c: error: C3900U: Unrecognized option '--cc_ARM'.
Target not created
Build target 'ANO_Hexacopter'
compiling startup.c...
linking...
.\build\ANO_Hexacopter.axf: Error: L6218E: Undefined symbol rt_hw_interrupt_disable() (referred from startup.o).
.\build\ANO_Hexacopter.axf: Error: L6218E: Undefined symbol rt_hw_interrupt_enable(long) (referred from clock.o).
.\build\ANO_Hexacopter.axf: Error: L6218E: Undefined symbol rt_hw_context_switch(unsigned long, unsigned long) (referred from scheduler.o).
.\build\ANO_Hexacopter.axf: Error: L6218E: Undefined symbol rt_hw_context_switch_to(unsigned long) (referred from scheduler.o).
.\build\ANO_Hexacopter.axf: Error: L6218E: Undefined symbol rt_hw_context_switch_interrupt(unsigned long, unsigned long) (referred from scheduler.o).
.\build\ANO_Hexacopter.axf: Error: L6218E: Undefined symbol rt_hw_hard_fault_exception (referred from context_rvds.o).
Target not created
Build target 'ANO_Hexacopter'
compiling startup.c...
compiling application.cpp...
compiling board.c...
compiling stm32f10x_it.c...
compiling clock.c...
compiling device.c...
compiling idle.c...
compiling ipc.c...
compiling irq.c...
compiling kservice.c...
compiling object.c...
compiling scheduler.c...
compiling thread.c...
compiling timer.c...
..\src\timer.c(151): warning:  #177-D: variable "timer" was declared but never referenced
..\src\timer.c(131): warning:  #177-D: function "rt_timer_count_height" was declared but never referenced
compiling backtrace.c...
compiling showmem.c...
compiling cpuport.c...
..\libcpu\arm\cortex-m3\cpuport.c(296): warning:  #177-D: variable "context" was declared but never referenced
linking...
.\build\ANO_Hexacopter.axf: Error: L6218E: Undefined symbol rt_thread_init (referred from application.o).
.\build\ANO_Hexacopter.axf: Error: L6218E: Undefined symbol rt_hw_stack_init (referred from thread.o).
.\build\ANO_Hexacopter.axf: Error: L6218E: Undefined symbol rt_timer_init (referred from thread.o).
.\build\ANO_Hexacopter.axf: Error: L6218E: Undefined symbol rt_hw_hard_fault_exception (referred from context_rvds.o).
Target not created
